<?xml version="1.0" encoding="UTF-8"?>
<!-- Generated by org.testng.reporters.JUnitXMLReporter -->
<testsuite ignored="0" hostname="DESKTOP-2UM13OP" failures="0" tests="1" name="Test" time="0.484" errors="0" timestamp="2025-05-08T19:55:28 IST">
  <testcase classname="com.coverFoxTest.CoverFoxTestUsingTestNG" name="@BeforeMethod coverFoxPreRequisites" time="0.404">
    <failure type="java.lang.NullPointerException" message="Cannot invoke &amp;quot;org.openqa.selenium.SearchContext.findElement(org.openqa.selenium.By)&amp;quot; because &amp;quot;this.searchContext&amp;quot; is null">
      <![CDATA[java.lang.NullPointerException: Cannot invoke "org.openqa.selenium.SearchContext.findElement(org.openqa.selenium.By)" because "this.searchContext" is null
at org.openqa.selenium.support.pagefactory.DefaultElementLocator.findElement(DefaultElementLocator.java:68)
at org.openqa.selenium.support.pagefactory.internal.LocatingElementHandler.invoke(LocatingElementHandler.java:38)
at jdk.proxy2/jdk.proxy2.$Proxy12.click(Unknown Source)
at com.coverFox_POM.CoverFoxHomePage.HomePage(CoverFoxHomePage.java:21)
at com.coverFoxTest.CoverFoxTestUsingTestNG.coverFoxPreRequisites(CoverFoxTestUsingTestNG.java:46)
at java.base/java.util.ArrayList.forEach(ArrayList.java:1597)
... Removed 33 stack frames]]>
    </failure>
  </testcase> <!-- @BeforeMethod coverFoxPreRequisites -->
  <testcase classname="com.coverFoxTest.CoverFoxTestUsingTestNG" name="@AfterMethod closeBrowser" time="0.0">
    <skipped/>
  </testcase> <!-- @AfterMethod closeBrowser -->
  <testcase classname="com.coverFoxTest.CoverFoxTestUsingTestNG" name="validateCoverFoxPlans" time="0.0">
    <skipped/>
  </testcase> <!-- validateCoverFoxPlans -->
</testsuite> <!-- Test -->
