<!DOCTYPE html PUBLIC "-//W3C//DTD XHTML 1.1//EN" "https://www.w3.org/TR/xhtml11/DTD/xhtml11.dtd">
<html xmlns="https://www.w3.org/1999/xhtml">
<head>
<meta http-equiv="content-type" content="text/html; charset=UTF-8"/>
<title>TestNG Report</title>
<style type="text/css">table {margin-bottom:10px;border-collapse:collapse;empty-cells:show}th,td {border:1px solid #009;padding:.25em .5em}th {vertical-align:bottom}td {vertical-align:top}table a {font-weight:bold}.stripe td {background-color: #E6EBF9}.num {text-align:right}.passedodd td {background-color: #3F3}.passedeven td {background-color: #0A0}.skippedodd td {background-color: #DDD}.skippedeven td {background-color: #CCC}.failedodd td,.attn {background-color: #F33}.failedeven td,.stripe .attn {background-color: #D00}.stacktrace {white-space:pre;font-family:monospace}.totop {font-size:85%;text-align:center;border-bottom:2px solid #000}.invisible {display:none}</style>
</head>
<body>
<table>
<tr><th>Test</th><th># Passed</th><th># Skipped</th><th># Retried</th><th># Failed</th><th>Time (ms)</th><th>Included Groups</th><th>Excluded Groups</th></tr>
<tr><th colspan="8">Suite</th></tr>
<tr><td><a href="#t0">Test</a></td><td class="num">0</td><td class="num attn">1</td><td class="num">0</td><td class="num">0</td><td class="num">484</td><td></td><td></td></tr>
<tr><th colspan="8">Suite (1)</th></tr>
<tr class="stripe"><td><a href="#t1">Test</a></td><td class="num">0</td><td class="num attn">1</td><td class="num">0</td><td class="num">0</td><td class="num">20</td><td></td><td></td></tr>
<tr><th colspan="8">Suite (0)</th></tr>
<tr><td><a href="#t2">Test</a></td><td class="num">0</td><td class="num attn">1</td><td class="num">0</td><td class="num">0</td><td class="num">33</td><td></td><td></td></tr>
<tr><th colspan="8">Suite (2)</th></tr>
<tr class="stripe"><td><a href="#t3">Test</a></td><td class="num">0</td><td class="num attn">2</td><td class="num">0</td><td class="num">0</td><td class="num">28</td><td></td><td></td></tr>
<tr><th>Total</th><th class="num">0</th><th class="num attn">5</th><th class="num">0</th><th class="num">0</th><th class="num">565</th><th colspan="2"></th></tr>
</table>
<table id='summary'><thead><tr><th>Class</th><th>Method</th><th>Start</th><th>Time (ms)</th></tr></thead><tbody><tr><th colspan="4">Suite</th></tr></tbody><tbody id="t0"><tr><th colspan="4">Test &#8212; failed (configuration methods)</th></tr><tr class="failedeven"><td rowspan="1">com.coverFoxTest.CoverFoxTestUsingTestNG</td><td><a href="#m0">coverFoxPreRequisites</a></td><td rowspan="1">1746714328322</td><td rowspan="1">404</td></tr><tr><th colspan="4">Test &#8212; skipped (configuration methods)</th></tr><tr class="skippedeven"><td rowspan="1">com.coverFoxTest.CoverFoxTestUsingTestNG</td><td><a href="#m1">closeBrowser</a></td><td rowspan="1">1746714328744</td><td rowspan="1">0</td></tr><tr><th colspan="4">Test &#8212; skipped</th></tr><tr class="skippedeven"><td rowspan="1">com.coverFoxTest.CoverFoxTestUsingTestNG</td><td><a href="#m2">validateCoverFoxPlans</a></td><td rowspan="1">1746714328739</td><td rowspan="1">0</td></tr></tbody>
<tbody><tr><th colspan="4">Suite (1)</th></tr></tbody><tbody id="t1"><tr><th colspan="4">Test &#8212; failed (configuration methods)</th></tr><tr class="failedeven"><td rowspan="1">com.coverFoxTest.CoverFoxValidateErrorMsgOnAddressPage</td><td><a href="#m3">coverFoxPreRequisites</a></td><td rowspan="1">1746714328889</td><td rowspan="1">11</td></tr><tr><th colspan="4">Test &#8212; skipped (configuration methods)</th></tr><tr class="skippedeven"><td rowspan="1">com.coverFoxTest.CoverFoxValidateErrorMsgOnAddressPage</td><td><a href="#m4">closeBrowser</a></td><td rowspan="1">1746714328904</td><td rowspan="1">0</td></tr><tr><th colspan="4">Test &#8212; skipped</th></tr><tr class="skippedeven"><td rowspan="1">com.coverFoxTest.CoverFoxValidateErrorMsgOnAddressPage</td><td><a href="#m5">validateAddressPageErrorMessages</a></td><td rowspan="1">1746714328902</td><td rowspan="1">0</td></tr></tbody>
<tbody><tr><th colspan="4">Suite (0)</th></tr></tbody><tbody id="t2"><tr><th colspan="4">Test &#8212; failed (configuration methods)</th></tr><tr class="failedeven"><td rowspan="1">com.coverFoxTest.CoverFoxTestUsingTestNGFail</td><td><a href="#m6">coverFoxPreRequisites</a></td><td rowspan="1">1746714328856</td><td rowspan="1">2</td></tr><tr><th colspan="4">Test &#8212; skipped (configuration methods)</th></tr><tr class="skippedeven"><td rowspan="1">com.coverFoxTest.CoverFoxTestUsingTestNGFail</td><td><a href="#m7">closeBrowser</a></td><td rowspan="1">1746714328866</td><td rowspan="1">0</td></tr><tr><th colspan="4">Test &#8212; skipped</th></tr><tr class="skippedeven"><td rowspan="1">com.coverFoxTest.CoverFoxTestUsingTestNGFail</td><td><a href="#m8">validateCoverFoxPlansFail</a></td><td rowspan="1">1746714328863</td><td rowspan="1">0</td></tr></tbody>
<tbody><tr><th colspan="4">Suite (2)</th></tr></tbody><tbody id="t3"><tr><th colspan="4">Test &#8212; failed (configuration methods)</th></tr><tr class="failedeven"><td rowspan="1">com.coverFoxTest.CoverFoxValidatePincodeAndMobileErrorMsg</td><td><a href="#m9">coverFoxPreRequisites</a></td><td rowspan="1">1746714328922</td><td rowspan="1">12</td></tr><tr><th colspan="4">Test &#8212; skipped (configuration methods)</th></tr><tr class="skippedeven"><td rowspan="3">com.coverFoxTest.CoverFoxValidatePincodeAndMobileErrorMsg</td><td><a href="#m10">closeBrowser</a></td><td rowspan="2">1746714328946</td><td rowspan="2">0</td></tr><tr class="skippedeven"><td><a href="#m11">closeBrowser</a></td></tr><tr class="skippedeven"><td><a href="#m12">coverFoxPreRequisites</a></td><td rowspan="1">1746714328940</td><td rowspan="1">0</td></tr><tr><th colspan="4">Test &#8212; skipped</th></tr><tr class="skippedeven"><td rowspan="2">com.coverFoxTest.CoverFoxValidatePincodeAndMobileErrorMsg</td><td><a href="#m13">validateAddressPageMobileErrorMessages</a></td><td rowspan="1">1746714328936</td><td rowspan="1">0</td></tr><tr class="skippedeven"><td><a href="#m14">validateAddressPagePinErrorMessages</a></td><td rowspan="1">1746714328941</td><td rowspan="1">0</td></tr></tbody>
</table>
<h2>Test</h2><h3 id="m0">com.coverFoxTest.CoverFoxTestUsingTestNG#coverFoxPreRequisites</h3><table class="result"><tr><th>Exception</th></tr><tr><td><div class="stacktrace">java.lang.NullPointerException: Cannot invoke &quot;org.openqa.selenium.SearchContext.findElement(org.openqa.selenium.By)&quot; because &quot;this.searchContext&quot; is null
	at org.openqa.selenium.support.pagefactory.DefaultElementLocator.findElement(DefaultElementLocator.java:68)
	at org.openqa.selenium.support.pagefactory.internal.LocatingElementHandler.invoke(LocatingElementHandler.java:38)
	at jdk.proxy2/jdk.proxy2.$Proxy12.click(Unknown Source)
	at com.coverFox_POM.CoverFoxHomePage.HomePage(CoverFoxHomePage.java:21)
	at com.coverFoxTest.CoverFoxTestUsingTestNG.coverFoxPreRequisites(CoverFoxTestUsingTestNG.java:46)
	at java.base/java.util.ArrayList.forEach(ArrayList.java:1597)
... Removed 33 stack frames</div></td></tr></table><p class="totop"><a href="#summary">back to summary</a></p>
<h3 id="m1">com.coverFoxTest.CoverFoxTestUsingTestNG#closeBrowser</h3><table class="result"><tr><th class="invisible"/></tr></table><p class="totop"><a href="#summary">back to summary</a></p>
<h3 id="m2">com.coverFoxTest.CoverFoxTestUsingTestNG#validateCoverFoxPlans</h3><table class="result"><tr><th>Messages</th></tr><tr><td><div class="messages">TC is skipped validateCoverFoxPlans</div></td></tr><tr><th>Exception</th></tr><tr><td><div class="stacktrace">java.lang.NullPointerException: Cannot invoke &quot;org.openqa.selenium.SearchContext.findElement(org.openqa.selenium.By)&quot; because &quot;this.searchContext&quot; is null
	at org.openqa.selenium.support.pagefactory.DefaultElementLocator.findElement(DefaultElementLocator.java:68)
	at org.openqa.selenium.support.pagefactory.internal.LocatingElementHandler.invoke(LocatingElementHandler.java:38)
	at jdk.proxy2/jdk.proxy2.$Proxy12.click(Unknown Source)
	at com.coverFox_POM.CoverFoxHomePage.HomePage(CoverFoxHomePage.java:21)
	at com.coverFoxTest.CoverFoxTestUsingTestNG.coverFoxPreRequisites(CoverFoxTestUsingTestNG.java:46)
	at java.base/java.util.ArrayList.forEach(ArrayList.java:1597)
... Removed 33 stack frames</div></td></tr></table><p class="totop"><a href="#summary">back to summary</a></p>
<h2>Test</h2><h3 id="m3">com.coverFoxTest.CoverFoxValidateErrorMsgOnAddressPage#coverFoxPreRequisites</h3><table class="result"><tr><th>Exception</th></tr><tr><td><div class="stacktrace">java.lang.NullPointerException: Cannot invoke &quot;org.openqa.selenium.SearchContext.findElement(org.openqa.selenium.By)&quot; because &quot;this.searchContext&quot; is null
	at org.openqa.selenium.support.pagefactory.DefaultElementLocator.findElement(DefaultElementLocator.java:68)
	at org.openqa.selenium.support.pagefactory.internal.LocatingElementHandler.invoke(LocatingElementHandler.java:38)
	at jdk.proxy2/jdk.proxy2.$Proxy12.click(Unknown Source)
	at com.coverFox_POM.CoverFoxHomePage.HomePage(CoverFoxHomePage.java:21)
	at com.coverFoxTest.CoverFoxValidateErrorMsgOnAddressPage.coverFoxPreRequisites(CoverFoxValidateErrorMsgOnAddressPage.java:64)
	at java.base/java.util.ArrayList.forEach(ArrayList.java:1597)
... Removed 33 stack frames</div></td></tr></table><p class="totop"><a href="#summary">back to summary</a></p>
<h3 id="m4">com.coverFoxTest.CoverFoxValidateErrorMsgOnAddressPage#closeBrowser</h3><table class="result"><tr><th class="invisible"/></tr></table><p class="totop"><a href="#summary">back to summary</a></p>
<h3 id="m5">com.coverFoxTest.CoverFoxValidateErrorMsgOnAddressPage#validateAddressPageErrorMessages</h3><table class="result"><tr><th>Messages</th></tr><tr><td><div class="messages">TC is skipped validateAddressPageErrorMessages</div></td></tr><tr><th>Exception</th></tr><tr><td><div class="stacktrace">java.lang.NullPointerException: Cannot invoke &quot;org.openqa.selenium.SearchContext.findElement(org.openqa.selenium.By)&quot; because &quot;this.searchContext&quot; is null
	at org.openqa.selenium.support.pagefactory.DefaultElementLocator.findElement(DefaultElementLocator.java:68)
	at org.openqa.selenium.support.pagefactory.internal.LocatingElementHandler.invoke(LocatingElementHandler.java:38)
	at jdk.proxy2/jdk.proxy2.$Proxy12.click(Unknown Source)
	at com.coverFox_POM.CoverFoxHomePage.HomePage(CoverFoxHomePage.java:21)
	at com.coverFoxTest.CoverFoxValidateErrorMsgOnAddressPage.coverFoxPreRequisites(CoverFoxValidateErrorMsgOnAddressPage.java:64)
	at java.base/java.util.ArrayList.forEach(ArrayList.java:1597)
... Removed 33 stack frames</div></td></tr></table><p class="totop"><a href="#summary">back to summary</a></p>
<h2>Test</h2><h3 id="m6">com.coverFoxTest.CoverFoxTestUsingTestNGFail#coverFoxPreRequisites</h3><table class="result"><tr><th>Exception</th></tr><tr><td><div class="stacktrace">java.lang.NullPointerException: Cannot invoke &quot;org.openqa.selenium.SearchContext.findElement(org.openqa.selenium.By)&quot; because &quot;this.searchContext&quot; is null
	at org.openqa.selenium.support.pagefactory.DefaultElementLocator.findElement(DefaultElementLocator.java:68)
	at org.openqa.selenium.support.pagefactory.internal.LocatingElementHandler.invoke(LocatingElementHandler.java:38)
	at jdk.proxy2/jdk.proxy2.$Proxy12.click(Unknown Source)
	at com.coverFox_POM.CoverFoxHomePage.HomePage(CoverFoxHomePage.java:21)
	at com.coverFoxTest.CoverFoxTestUsingTestNGFail.coverFoxPreRequisites(CoverFoxTestUsingTestNGFail.java:52)
	at java.base/java.util.ArrayList.forEach(ArrayList.java:1597)
... Removed 33 stack frames</div></td></tr></table><p class="totop"><a href="#summary">back to summary</a></p>
<h3 id="m7">com.coverFoxTest.CoverFoxTestUsingTestNGFail#closeBrowser</h3><table class="result"><tr><th class="invisible"/></tr></table><p class="totop"><a href="#summary">back to summary</a></p>
<h3 id="m8">com.coverFoxTest.CoverFoxTestUsingTestNGFail#validateCoverFoxPlansFail</h3><table class="result"><tr><th>Messages</th></tr><tr><td><div class="messages">TC is skipped validateCoverFoxPlansFail</div></td></tr><tr><th>Exception</th></tr><tr><td><div class="stacktrace">java.lang.NullPointerException: Cannot invoke &quot;org.openqa.selenium.SearchContext.findElement(org.openqa.selenium.By)&quot; because &quot;this.searchContext&quot; is null
	at org.openqa.selenium.support.pagefactory.DefaultElementLocator.findElement(DefaultElementLocator.java:68)
	at org.openqa.selenium.support.pagefactory.internal.LocatingElementHandler.invoke(LocatingElementHandler.java:38)
	at jdk.proxy2/jdk.proxy2.$Proxy12.click(Unknown Source)
	at com.coverFox_POM.CoverFoxHomePage.HomePage(CoverFoxHomePage.java:21)
	at com.coverFoxTest.CoverFoxTestUsingTestNGFail.coverFoxPreRequisites(CoverFoxTestUsingTestNGFail.java:52)
	at java.base/java.util.ArrayList.forEach(ArrayList.java:1597)
... Removed 33 stack frames</div></td></tr></table><p class="totop"><a href="#summary">back to summary</a></p>
<h2>Test</h2><h3 id="m9">com.coverFoxTest.CoverFoxValidatePincodeAndMobileErrorMsg#coverFoxPreRequisites</h3><table class="result"><tr><th>Exception</th></tr><tr><td><div class="stacktrace">java.lang.NullPointerException: Cannot invoke &quot;org.openqa.selenium.SearchContext.findElement(org.openqa.selenium.By)&quot; because &quot;this.searchContext&quot; is null
	at org.openqa.selenium.support.pagefactory.DefaultElementLocator.findElement(DefaultElementLocator.java:68)
	at org.openqa.selenium.support.pagefactory.internal.LocatingElementHandler.invoke(LocatingElementHandler.java:38)
	at jdk.proxy2/jdk.proxy2.$Proxy12.click(Unknown Source)
	at com.coverFox_POM.CoverFoxHomePage.HomePage(CoverFoxHomePage.java:21)
	at com.coverFoxTest.CoverFoxValidatePincodeAndMobileErrorMsg.coverFoxPreRequisites(CoverFoxValidatePincodeAndMobileErrorMsg.java:56)
	at java.base/java.util.ArrayList.forEach(ArrayList.java:1597)
... Removed 33 stack frames</div></td></tr></table><p class="totop"><a href="#summary">back to summary</a></p>
<h3 id="m10">com.coverFoxTest.CoverFoxValidatePincodeAndMobileErrorMsg#closeBrowser</h3><table class="result"><tr><th class="invisible"/></tr></table><p class="totop"><a href="#summary">back to summary</a></p>
<h3 id="m11">com.coverFoxTest.CoverFoxValidatePincodeAndMobileErrorMsg#closeBrowser</h3><table class="result"><tr><th class="invisible"/></tr></table><p class="totop"><a href="#summary">back to summary</a></p>
<h3 id="m12">com.coverFoxTest.CoverFoxValidatePincodeAndMobileErrorMsg#coverFoxPreRequisites</h3><table class="result"><tr><th class="invisible"/></tr></table><p class="totop"><a href="#summary">back to summary</a></p>
<h3 id="m13">com.coverFoxTest.CoverFoxValidatePincodeAndMobileErrorMsg#validateAddressPageMobileErrorMessages</h3><table class="result"><tr><th>Messages</th></tr><tr><td><div class="messages">TC is skipped validateAddressPageMobileErrorMessages</div></td></tr><tr><th>Exception</th></tr><tr><td><div class="stacktrace">java.lang.NullPointerException: Cannot invoke &quot;org.openqa.selenium.SearchContext.findElement(org.openqa.selenium.By)&quot; because &quot;this.searchContext&quot; is null
	at org.openqa.selenium.support.pagefactory.DefaultElementLocator.findElement(DefaultElementLocator.java:68)
	at org.openqa.selenium.support.pagefactory.internal.LocatingElementHandler.invoke(LocatingElementHandler.java:38)
	at jdk.proxy2/jdk.proxy2.$Proxy12.click(Unknown Source)
	at com.coverFox_POM.CoverFoxHomePage.HomePage(CoverFoxHomePage.java:21)
	at com.coverFoxTest.CoverFoxValidatePincodeAndMobileErrorMsg.coverFoxPreRequisites(CoverFoxValidatePincodeAndMobileErrorMsg.java:56)
	at java.base/java.util.ArrayList.forEach(ArrayList.java:1597)
... Removed 33 stack frames</div></td></tr></table><p class="totop"><a href="#summary">back to summary</a></p>
<h3 id="m14">com.coverFoxTest.CoverFoxValidatePincodeAndMobileErrorMsg#validateAddressPagePinErrorMessages</h3><table class="result"><tr><th>Messages</th></tr><tr><td><div class="messages">TC is skipped validateAddressPagePinErrorMessages</div></td></tr><tr><th>Exception</th></tr><tr><td><div class="stacktrace">java.lang.NullPointerException: Cannot invoke &quot;org.openqa.selenium.SearchContext.findElement(org.openqa.selenium.By)&quot; because &quot;this.searchContext&quot; is null
	at org.openqa.selenium.support.pagefactory.DefaultElementLocator.findElement(DefaultElementLocator.java:68)
	at org.openqa.selenium.support.pagefactory.internal.LocatingElementHandler.invoke(LocatingElementHandler.java:38)
	at jdk.proxy2/jdk.proxy2.$Proxy12.click(Unknown Source)
	at com.coverFox_POM.CoverFoxHomePage.HomePage(CoverFoxHomePage.java:21)
	at com.coverFoxTest.CoverFoxValidatePincodeAndMobileErrorMsg.coverFoxPreRequisites(CoverFoxValidatePincodeAndMobileErrorMsg.java:56)
	at java.base/java.util.ArrayList.forEach(ArrayList.java:1597)
... Removed 33 stack frames</div></td></tr></table><p class="totop"><a href="#summary">back to summary</a></p>
</body>
</html>
