<?xml version="1.0" encoding="UTF-8"?>
<testng-results ignored="0" total="3" passed="2" failed="1" skipped="0">
  <reporter-output>
    <line>
      <![CDATA[Launching Chrome Browser]]>
    </line>
    <line>
      <![CDATA[Launching Chrome Browser]]>
    </line>
    <line>
      <![CDATA[Launching Chrome Browser]]>
    </line>
    <line>
      <![CDATA[Clicking on Gender]]>
    </line>
    <line>
      <![CDATA[Clicking on Gender]]>
    </line>
    <line>
      <![CDATA[Clicking on Gender]]>
    </line>
    <line>
      <![CDATA[Handeling Age Dropdown]]>
    </line>
    <line>
      <![CDATA[Handeling Age Dropdown]]>
    </line>
    <line>
      <![CDATA[Handeling Age Dropdown]]>
    </line>
    <line>
      <![CDATA[Address details Page]]>
    </line>
    <line>
      <![CDATA[Entering Pin]]>
    </line>
    <line>
      <![CDATA[Address details Page]]>
    </line>
    <line>
      <![CDATA[Clicking continue button]]>
    </line>
    <line>
      <![CDATA[Address details Page]]>
    </line>
    <line>
      <![CDATA[Entering Pin]]>
    </line>
    <line>
      <![CDATA[Entering Mobile number]]>
    </line>
    <line>
      <![CDATA[Clicking continue button]]>
    </line>
    <line>
      <![CDATA[Entering Mobile number]]>
    </line>
    <line>
      <![CDATA[Clicking continue button]]>
    </line>
    <line>
      <![CDATA[Checking if pincode error msg is displayed true]]>
    </line>
    <line>
      <![CDATA[Checking if mobile error msg is displayed true]]>
    </line>
    <line>
      <![CDATA[TC is passed validateAddressPageErrorMessages]]>
    </line>
    <line>
      <![CDATA[Fetching plan number from Text]]>
    </line>
    <line>
      <![CDATA[Fetching plan number from plan cards]]>
    </line>
    <line>
      <![CDATA[Plan number from Text = 48]]>
    </line>
    <line>
      <![CDATA[Plan number from Cards = 48]]>
    </line>
    <line>
      <![CDATA[TC Passed]]>
    </line>
    <line>
      <![CDATA[TC is passed validateCoverFoxPlans]]>
    </line>
    <line>
      <![CDATA[Taking screenshot and saving at destination C:\Users\Shubham\OneDrive\Desktop\screenshots\CoverFox2025_05_09_00_26_17.png]]>
    </line>
    <line>
      <![CDATA[Closing Browser]]>
    </line>
    <line>
      <![CDATA[TC failed]]>
    </line>
    <line>
      <![CDATA[TC is failed validateCoverFoxPlansFail]]>
    </line>
    <line>
      <![CDATA[Taking screenshot and saving at destination C:\Users\Shubham\OneDrive\Desktop\screenshots\CoverFox2025_05_09_00_26_17.png]]>
    </line>
    <line>
      <![CDATA[Closing Browser]]>
    </line>
    <line>
      <![CDATA[Taking screenshot and saving at destination C:\Users\Shubham\OneDrive\Desktop\screenshots\CoverFox2025_05_09_00_26_17.png]]>
    </line>
    <line>
      <![CDATA[Closing Browser]]>
    </line>
  </reporter-output>
  <suite started-at="2025-05-09T00:25:56 IST" name="Suite" finished-at="2025-05-09T00:26:18 IST" duration-ms="22610">
    <groups>
    </groups>
    <test started-at="2025-05-09T00:25:56 IST" name="Test3" finished-at="2025-05-09T00:26:18 IST" duration-ms="22332">
      <class name="com.coverFoxTest.CoverFoxValidateErrorMsgOnAddressPage">
        <test-method is-config="true" signature="openBrowser()[pri:0, instance:com.coverFoxTest.CoverFoxValidateErrorMsgOnAddressPage@6497b078]" started-at="2025-05-09T00:25:56 IST" name="openBrowser" finished-at="2025-05-09T00:25:56 IST" duration-ms="26" status="PASS">
          <reporter-output>
          </reporter-output>
        </test-method> <!-- openBrowser -->
        <test-method is-config="true" signature="launchBrowser(java.lang.String)[pri:0, instance:com.coverFoxTest.CoverFoxValidateErrorMsgOnAddressPage@6497b078]" started-at="2025-05-09T00:25:56 IST" name="launchBrowser" finished-at="2025-05-09T00:26:04 IST" duration-ms="8100" status="PASS">
          <params>
            <param index="0">
              <value>
                <![CDATA[chrome]]>
              </value>
            </param>
          </params>
          <reporter-output>
            <line>
              <![CDATA[Launching Chrome Browser]]>
            </line>
          </reporter-output>
        </test-method> <!-- launchBrowser -->
        <test-method is-config="true" signature="coverFoxPreRequisites()[pri:0, instance:com.coverFoxTest.CoverFoxValidateErrorMsgOnAddressPage@6497b078]" started-at="2025-05-09T00:26:04 IST" name="coverFoxPreRequisites" finished-at="2025-05-09T00:26:16 IST" duration-ms="12548" status="PASS">
          <reporter-output>
            <line>
              <![CDATA[Clicking on Gender]]>
            </line>
            <line>
              <![CDATA[Handeling Age Dropdown]]>
            </line>
            <line>
              <![CDATA[Address details Page]]>
            </line>
            <line>
              <![CDATA[Clicking continue button]]>
            </line>
          </reporter-output>
        </test-method> <!-- coverFoxPreRequisites -->
        <test-method signature="validateAddressPageErrorMessages()[pri:0, instance:com.coverFoxTest.CoverFoxValidateErrorMsgOnAddressPage@6497b078]" started-at="2025-05-09T00:26:16 IST" name="validateAddressPageErrorMessages" finished-at="2025-05-09T00:26:17 IST" duration-ms="300" status="PASS">
          <reporter-output>
            <line>
              <![CDATA[Checking if pincode error msg is displayed true]]>
            </line>
            <line>
              <![CDATA[Checking if mobile error msg is displayed true]]>
            </line>
            <line>
              <![CDATA[TC is passed validateAddressPageErrorMessages]]>
            </line>
            <line>
              <![CDATA[Taking screenshot and saving at destination C:\Users\Shubham\OneDrive\Desktop\screenshots\CoverFox2025_05_09_00_26_17.png]]>
            </line>
          </reporter-output>
        </test-method> <!-- validateAddressPageErrorMessages -->
        <test-method is-config="true" signature="closeBrowser()[pri:0, instance:com.coverFoxTest.CoverFoxValidateErrorMsgOnAddressPage@6497b078]" started-at="2025-05-09T00:26:17 IST" name="closeBrowser" finished-at="2025-05-09T00:26:18 IST" duration-ms="892" status="PASS">
          <reporter-output>
            <line>
              <![CDATA[Closing Browser]]>
            </line>
          </reporter-output>
        </test-method> <!-- closeBrowser -->
      </class> <!-- com.coverFoxTest.CoverFoxValidateErrorMsgOnAddressPage -->
    </test> <!-- Test3 -->
    <test started-at="2025-05-09T00:25:56 IST" name="Test1" finished-at="2025-05-09T00:26:18 IST" duration-ms="22533">
      <class name="com.coverFoxTest.CoverFoxTestUsingTestNG">
        <test-method is-config="true" signature="launchBrowser(java.lang.String)[pri:0, instance:com.coverFoxTest.CoverFoxTestUsingTestNG@131ef10]" started-at="2025-05-09T00:25:56 IST" name="launchBrowser" finished-at="2025-05-09T00:26:00 IST" duration-ms="4268" status="PASS">
          <params>
            <param index="0">
              <value>
                <![CDATA[chrome]]>
              </value>
            </param>
          </params>
          <reporter-output>
            <line>
              <![CDATA[Launching Chrome Browser]]>
            </line>
          </reporter-output>
        </test-method> <!-- launchBrowser -->
        <test-method is-config="true" signature="coverFoxPreRequisites()[pri:0, instance:com.coverFoxTest.CoverFoxTestUsingTestNG@131ef10]" started-at="2025-05-09T00:26:00 IST" name="coverFoxPreRequisites" finished-at="2025-05-09T00:26:17 IST" duration-ms="16708" status="PASS">
          <reporter-output>
            <line>
              <![CDATA[Clicking on Gender]]>
            </line>
            <line>
              <![CDATA[Handeling Age Dropdown]]>
            </line>
            <line>
              <![CDATA[Address details Page]]>
            </line>
            <line>
              <![CDATA[Entering Pin]]>
            </line>
            <line>
              <![CDATA[Entering Mobile number]]>
            </line>
            <line>
              <![CDATA[Clicking continue button]]>
            </line>
          </reporter-output>
        </test-method> <!-- coverFoxPreRequisites -->
        <test-method signature="validateCoverFoxPlans()[pri:0, instance:com.coverFoxTest.CoverFoxTestUsingTestNG@131ef10]" started-at="2025-05-09T00:26:17 IST" name="validateCoverFoxPlans" finished-at="2025-05-09T00:26:17 IST" duration-ms="164" status="PASS">
          <reporter-output>
            <line>
              <![CDATA[Fetching plan number from Text]]>
            </line>
            <line>
              <![CDATA[Fetching plan number from plan cards]]>
            </line>
            <line>
              <![CDATA[Plan number from Text = 48]]>
            </line>
            <line>
              <![CDATA[Plan number from Cards = 48]]>
            </line>
            <line>
              <![CDATA[TC Passed]]>
            </line>
            <line>
              <![CDATA[TC is passed validateCoverFoxPlans]]>
            </line>
            <line>
              <![CDATA[Taking screenshot and saving at destination C:\Users\Shubham\OneDrive\Desktop\screenshots\CoverFox2025_05_09_00_26_17.png]]>
            </line>
          </reporter-output>
        </test-method> <!-- validateCoverFoxPlans -->
        <test-method is-config="true" signature="closeBrowser()[pri:0, instance:com.coverFoxTest.CoverFoxTestUsingTestNG@131ef10]" started-at="2025-05-09T00:26:17 IST" name="closeBrowser" finished-at="2025-05-09T00:26:18 IST" duration-ms="935" status="PASS">
          <reporter-output>
            <line>
              <![CDATA[Closing Browser]]>
            </line>
          </reporter-output>
        </test-method> <!-- closeBrowser -->
      </class> <!-- com.coverFoxTest.CoverFoxTestUsingTestNG -->
    </test> <!-- Test1 -->
    <test started-at="2025-05-09T00:25:56 IST" name="Test2" finished-at="2025-05-09T00:26:18 IST" duration-ms="22610">
      <class name="com.coverFoxTest.CoverFoxTestUsingTestNGFail">
        <test-method is-config="true" signature="launchBrowser(java.lang.String)[pri:0, instance:com.coverFoxTest.CoverFoxTestUsingTestNGFail@69fb6037]" started-at="2025-05-09T00:25:56 IST" name="launchBrowser" finished-at="2025-05-09T00:26:00 IST" duration-ms="4631" status="PASS">
          <params>
            <param index="0">
              <value>
                <![CDATA[chrome]]>
              </value>
            </param>
          </params>
          <reporter-output>
            <line>
              <![CDATA[Launching Chrome Browser]]>
            </line>
          </reporter-output>
        </test-method> <!-- launchBrowser -->
        <test-method is-config="true" signature="coverFoxPreRequisites()[pri:0, instance:com.coverFoxTest.CoverFoxTestUsingTestNGFail@69fb6037]" started-at="2025-05-09T00:26:00 IST" name="coverFoxPreRequisites" finished-at="2025-05-09T00:26:17 IST" duration-ms="16724" status="PASS">
          <reporter-output>
            <line>
              <![CDATA[Clicking on Gender]]>
            </line>
            <line>
              <![CDATA[Handeling Age Dropdown]]>
            </line>
            <line>
              <![CDATA[Address details Page]]>
            </line>
            <line>
              <![CDATA[Entering Pin]]>
            </line>
            <line>
              <![CDATA[Entering Mobile number]]>
            </line>
            <line>
              <![CDATA[Clicking continue button]]>
            </line>
          </reporter-output>
        </test-method> <!-- coverFoxPreRequisites -->
        <test-method signature="validateCoverFoxPlansFail()[pri:0, instance:com.coverFoxTest.CoverFoxTestUsingTestNGFail@69fb6037]" started-at="2025-05-09T00:26:17 IST" name="validateCoverFoxPlansFail" finished-at="2025-05-09T00:26:17 IST" duration-ms="4" status="FAIL">
          <exception class="java.lang.AssertionError">
            <message>
              <![CDATA[null]]>
            </message>
            <full-stacktrace>
              <![CDATA[java.lang.AssertionError: null
at org.testng.Assert.fail(Assert.java:111)
at org.testng.Assert.fail(Assert.java:116)
at com.coverFoxTest.CoverFoxTestUsingTestNGFail.validateCoverFoxPlansFail(CoverFoxTestUsingTestNGFail.java:68)
at java.base/jdk.internal.reflect.DirectMethodHandleAccessor.invoke(DirectMethodHandleAccessor.java:103)
at java.base/java.lang.reflect.Method.invoke(Method.java:580)
at org.testng.internal.invokers.MethodInvocationHelper.invokeMethod(MethodInvocationHelper.java:141)
at org.testng.internal.invokers.TestInvoker.invokeMethod(TestInvoker.java:687)
at org.testng.internal.invokers.TestInvoker.invokeTestMethod(TestInvoker.java:230)
at org.testng.internal.invokers.MethodRunner.runInSequence(MethodRunner.java:63)
at org.testng.internal.invokers.TestInvoker$MethodInvocationAgent.invoke(TestInvoker.java:995)
at org.testng.internal.invokers.TestInvoker.invokeTestMethods(TestInvoker.java:203)
at org.testng.internal.invokers.TestMethodWorker.invokeTestMethods(TestMethodWorker.java:154)
at org.testng.internal.invokers.TestMethodWorker.run(TestMethodWorker.java:134)
at java.base/java.util.ArrayList.forEach(ArrayList.java:1597)
at org.testng.TestRunner.privateRun(TestRunner.java:741)
at org.testng.TestRunner.run(TestRunner.java:616)
at org.testng.SuiteRunner.runTest(SuiteRunner.java:421)
at org.testng.SuiteRunner$SuiteWorker.run(SuiteRunner.java:463)
at org.testng.internal.thread.ThreadUtil.lambda$execute$0(ThreadUtil.java:64)
at java.base/java.util.concurrent.FutureTask.run(FutureTask.java:317)
at java.base/java.util.concurrent.ThreadPoolExecutor.runWorker(ThreadPoolExecutor.java:1144)
at java.base/java.util.concurrent.ThreadPoolExecutor$Worker.run(ThreadPoolExecutor.java:642)
at java.base/java.lang.Thread.run(Thread.java:1575)
]]>
            </full-stacktrace>
          </exception> <!-- java.lang.AssertionError -->
          <reporter-output>
            <line>
              <![CDATA[TC failed]]>
            </line>
            <line>
              <![CDATA[TC is failed validateCoverFoxPlansFail]]>
            </line>
            <line>
              <![CDATA[Taking screenshot and saving at destination C:\Users\Shubham\OneDrive\Desktop\screenshots\CoverFox2025_05_09_00_26_17.png]]>
            </line>
          </reporter-output>
        </test-method> <!-- validateCoverFoxPlansFail -->
        <test-method is-config="true" signature="closeBrowser()[pri:0, instance:com.coverFoxTest.CoverFoxTestUsingTestNGFail@69fb6037]" started-at="2025-05-09T00:26:18 IST" name="closeBrowser" finished-at="2025-05-09T00:26:18 IST" duration-ms="811" status="PASS">
          <reporter-output>
            <line>
              <![CDATA[Closing Browser]]>
            </line>
          </reporter-output>
        </test-method> <!-- closeBrowser -->
      </class> <!-- com.coverFoxTest.CoverFoxTestUsingTestNGFail -->
    </test> <!-- Test2 -->
  </suite> <!-- Suite -->
</testng-results>
